<?xml version="1.0" encoding="UTF-8"?>
<!-- Generated by org.testng.reporters.JUnitReportReporter -->
<testsuite hostname="DESKTOP-14SVF8U" failures="0" tests="4" name="tests.IndeedTests" time="20.671" errors="0" timestamp="2021-05-18T12:00:44 EDT" skipped="0">
  <testcase classname="tests.IndeedTests" name="test1" time="5.921"/>
  <system-out/>
  <testcase classname="tests.IndeedTests" name="test4" time="3.200"/>
  <system-out/>
  <testcase classname="tests.IndeedTests" name="test2" time="5.687"/>
  <system-out/>
  <testcase classname="tests.IndeedTests" name="test3" time="5.863"/>
  <system-out/>
</testsuite> <!-- tests.IndeedTests -->
