<?xml version="1.0" encoding="UTF-8"?>
<!-- Generated by org.testng.reporters.JUnitReportReporter -->
<testsuite hostname="DESKTOP-14SVF8U" failures="0" tests="4" name="tests.Alerts" time="36.696" errors="0" timestamp="2021-05-19T11:59:38 EDT" skipped="0">
  <testcase classname="tests.Alerts" name="test4" time="7.303"/>
  <system-out/>
  <testcase classname="tests.Alerts" name="test" time="8.698"/>
  <system-out/>
  <testcase classname="tests.Alerts" name="test3" time="7.234"/>
  <system-out/>
  <testcase classname="tests.Alerts" name="test2" time="13.461"/>
  <system-out/>
</testsuite> <!-- tests.Alerts -->
