<?xml version="1.0" encoding="UTF-8"?>
<!-- Generated by org.testng.reporters.JUnitReportReporter -->
<testsuite hostname="DESKTOP-14SVF8U" failures="0" tests="1" name="tests.PopUps" time="11.143" errors="0" timestamp="2021-05-19T15:56:57 EDT" skipped="0">
  <testcase classname="tests.PopUps" name="test1" time="11.143"/>
  <system-out/>
</testsuite> <!-- tests.PopUps -->
