<?xml version="1.0" encoding="UTF-8"?>
<!-- Generated by org.testng.reporters.JUnitReportReporter -->
<testsuite hostname="DESKTOP-14SVF8U" failures="0" tests="3" name="tests.Selections" time="28.165" errors="0" timestamp="2021-05-20T13:08:45 EDT" skipped="0">
  <testcase classname="tests.Selections" name="test2" time="8.741"/>
  <system-out/>
  <testcase classname="tests.Selections" name="test3" time="8.889"/>
  <system-out/>
  <testcase classname="tests.Selections" name="test1" time="10.535"/>
  <system-out/>
</testsuite> <!-- tests.Selections -->
