<?xml version="1.0" encoding="UTF-8"?>
<!-- Generated by org.testng.reporters.JUnitReportReporter -->
<testsuite hostname="DESKTOP-14SVF8U" failures="0" tests="3" name="tests.Selections" time="37.555" errors="0" timestamp="2021-05-26T21:37:47 EDT" skipped="0">
  <testcase classname="tests.Selections" name="test2" time="9.394"/>
  <system-out/>
  <testcase classname="tests.Selections" name="test3" time="13.868"/>
  <system-out/>
  <testcase classname="tests.Selections" name="test1" time="14.293"/>
  <system-out/>
</testsuite> <!-- tests.Selections -->
